<?xml version="1.0" encoding="UTF-8"?>
<!-- Generated by org.testng.reporters.JUnitReportReporter -->
<testsuite hostname="DESKTOP-NPJ3Q09" failures="0" tests="1" name="Selenium_Introduction.SyncWaits.SearchItems" time="12.422" errors="0" timestamp="2025-09-30T17:24:25 IST" skipped="0">
  <testcase classname="Selenium_Introduction.SyncWaits.SearchItems" name="searchItemsAndAddToCart" time="12.422"/>
</testsuite> <!-- Selenium_Introduction.SyncWaits.SearchItems -->
