<?xml version="1.0" encoding="UTF-8"?>
<!-- Generated by org.testng.reporters.JUnitReportReporter -->
<testsuite hostname="DESKTOP-NPJ3Q09" failures="0" tests="1" name="Selenium_Introduction.SyncWaits.SearchItems" time="12.110" errors="0" timestamp="2025-09-26T17:44:42 IST" skipped="0">
  <testcase classname="Selenium_Introduction.SyncWaits.SearchItems" name="searchItemsAndAddToCart" time="12.110"/>
</testsuite> <!-- Selenium_Introduction.SyncWaits.SearchItems -->
