<?xml version="1.0" encoding="UTF-8"?>
<!-- Generated by org.testng.reporters.JUnitReportReporter -->
<testsuite hostname="DESKTOP-NPJ3Q09" failures="0" tests="2" name="Selenium_Introduction.SyncWaits.SearchItems" time="18.131" errors="0" timestamp="2025-10-01T18:29:07 IST" skipped="0">
  <testcase classname="Selenium_Introduction.SyncWaits.SearchItems" name="searchItemsAndAddToCart" time="11.644"/>
  <testcase classname="Selenium_Introduction.SyncWaits.SearchItems" name="productPrice" time="6.487"/>
</testsuite> <!-- Selenium_Introduction.SyncWaits.SearchItems -->
