<?xml version="1.0" encoding="UTF-8"?>
<!-- Generated by org.testng.reporters.JUnitReportReporter -->
<testsuite hostname="DESKTOP-NPJ3Q09" failures="0" tests="1" name="Selenium_Introduction.SyncWaits.SearchItems" time="13.064" errors="0" timestamp="2025-09-26T18:20:12 IST" skipped="0">
  <testcase classname="Selenium_Introduction.SyncWaits.SearchItems" name="searchItemsAndAddToCart" time="13.064"/>
</testsuite> <!-- Selenium_Introduction.SyncWaits.SearchItems -->
