<?xml version="1.0" encoding="UTF-8"?>
<!-- Generated by org.testng.reporters.JUnitReportReporter -->
<testsuite hostname="DESKTOP-NPJ3Q09" failures="0" tests="2" name="Selenium_Introduction.SyncWaits.SearchItems" time="22.323" errors="0" timestamp="2025-10-01T16:50:37 IST" skipped="0">
  <testcase classname="Selenium_Introduction.SyncWaits.SearchItems" name="searchItemsAndAddToCart" time="15.322"/>
  <testcase classname="Selenium_Introduction.SyncWaits.SearchItems" name="productPrice" time="7.001"/>
</testsuite> <!-- Selenium_Introduction.SyncWaits.SearchItems -->
