<?xml version="1.0" encoding="UTF-8"?>
<!-- Generated by org.testng.reporters.JUnitReportReporter -->
<testsuite hostname="DESKTOP-NPJ3Q09" failures="0" tests="1" name="Selenium_Introduction.SyncWaits.SearchItems" time="11.320" errors="0" timestamp="2025-10-01T12:56:38 IST" skipped="0">
  <testcase classname="Selenium_Introduction.SyncWaits.SearchItems" name="searchItemsAndAddToCart" time="11.320"/>
</testsuite> <!-- Selenium_Introduction.SyncWaits.SearchItems -->
